Time resolution is 1 ps
 Output is LOW at time 0, test case  0 with input 000000
 Output is LOW at time 0, test case  0 with input 000000
 Output is LOW at time 20000, test case  1 with input 000001
 Output is LOW at time 30000, test case  1 with input 000111
 Output is LOW at time 40000, test case  1 with input 000011
 Output is HIGH at time 40000, test case  1 with input 000011
 Output is LOW at time 45000, test case  1 with input 000011
 Output is LOW at time 50000, test case  1 with input 000000
 Output is LOW at time 60000, test case  2 with input 000001
 Output is LOW at time 70000, test case  2 with input 000111
 Output is LOW at time 80000, test case  2 with input 000100
 Output is LOW at time 90000, test case  2 with input 000000
 Output is LOW at time 100000, test case  3 with input 000001
 Output is LOW at time 110000, test case  3 with input 000110
 Output is LOW at time 120000, test case  3 with input 000011
 Output is LOW at time 130000, test case  3 with input 000010
 Output is LOW at time 140000, test case  4 with input 000001
 Output is LOW at time 150000, test case  4 with input 000111
 Output is LOW at time 160000, test case  4 with input 000011
 Output is LOW at time 170000, test case  4 with input 000000
 Output is LOW at time 180000, test case  5 with input 000001
 Output is LOW at time 190000, test case  5 with input 000111
 Output is LOW at time 200000, test case  5 with input 001111
 Output is LOW at time 210000, test case  5 with input 000000
 Output is LOW at time 220000, test case  6 with input 000001
 Output is LOW at time 230000, test case  6 with input 000110
 Output is LOW at time 240000, test case  6 with input 000010
 Output is LOW at time 250000, test case  6 with input 000000
 Output is LOW at time 260000, test case  7 with input 000010
 Output is LOW at time 270000, test case  7 with input 000111
 Output is LOW at time 280000, test case  7 with input 000011
 Output is LOW at time 290000, test case  7 with input 000111
 Output is LOW at time 300000, test case  8 with input 000001
 Output is LOW at time 310000, test case  8 with input 000000
 Output is LOW at time 320000, test case  8 with input 000011
 Output is LOW at time 330000, test case  8 with input 000001
 Output is LOW at time 340000, test case  9 with input 000000
 Output is LOW at time 350000, test case  9 with input 000111
 Output is LOW at time 360000, test case  9 with input 000011
 Output is LOW at time 370000, test case  9 with input 000000
 Output is LOW at time 390000, test case  10 with input 000001
 Output is LOW at time 400000, test case  10 with input 000111
 Output is LOW at time 410000, test case  10 with input 000000
 Output is LOW at time 420000, test case  11 with input 000010
 Output is LOW at time 430000, test case  11 with input 000111
 Output is LOW at time 440000, test case  11 with input 000011
 Output is LOW at time 450000, test case  11 with input 000111
 Output is LOW at time 480000, test case  12 with input 000011
 Output is LOW at time 490000, test case  12 with input 000000
 Output is LOW at time 500000, test case  13 with input 000001
 Output is LOW at time 510000, test case  13 with input 000111
 Output is LOW at time 520000, test case  13 with input 000001
 Output is LOW at time 530000, test case  13 with input 000000
 Output is LOW at time 540000, test case  14 with input 000001
 Output is LOW at time 550000, test case  14 with input 000110
 Output is LOW at time 560000, test case  14 with input 000011
 Output is LOW at time 570000, test case  14 with input 000000
 Output is LOW at time 610000, test case  15 with input 000001
 Output is LOW at time 620000, test case  16 with input 000010
 Output is LOW at time 630000, test case  16 with input 000011
 Output is LOW at time 640000, test case  16 with input 000100
 Output is LOW at time 650000, test case  16 with input 000111
 Output is LOW at time 660000, test case  17 with input 000000
 Output is LOW at time 670000, test case  17 with input 000001
 Output is LOW at time 680000, test case  17 with input 000011
 Output is LOW at time 690000, test case  17 with input 000000
 Output is LOW at time 700000, test case  18 with input 000011
 Output is LOW at time 730000, test case  18 with input 000001
 Output is LOW at time 740000, test case  19 with input 000111
 Output is LOW at time 750000, test case  19 with input 000011
 Output is LOW at time 760000, test case  19 with input 000000
 Output is LOW at time 770000, test case  19 with input 000001
? Testbench completed at time 810000
$finish called at time : 830 ns : File "F:/Repository/FPGA-midterm/HDL/Student_id_counter/Student_id_counter.srcs/sources_1/new/tb.v" Line 161
